<?xml version="1.0" encoding="UTF-8"?>
<!-- Generated by org.testng.reporters.JUnitReportReporter -->
<testsuite hostname="LAPTOP-Q9245QS6" failures="0" tests="4" name="libraryAPI.DynamicJson_LibAPI" time="1.855" errors="0" timestamp="2024-02-07T13:43:03 IST" skipped="0">
  <testcase classname="libraryAPI.DynamicJson_LibAPI" name="deleteBook" time="0.343"/>
  <testcase classname="libraryAPI.DynamicJson_LibAPI" name="deleteBook" time="0.082"/>
  <testcase classname="libraryAPI.DynamicJson_LibAPI" name="addBook" time="1.316"/>
  <testcase classname="libraryAPI.DynamicJson_LibAPI" name="addBook" time="0.114"/>
</testsuite> <!-- libraryAPI.DynamicJson_LibAPI -->
